<?xml version="1.0" encoding="UTF-8"?>
<testng-results skipped="0" failed="1" total="1" passed="0">
  <reporter-output>
  </reporter-output>
  <suite name="Default suite" duration-ms="18820" started-at="2018-06-02T14:52:44Z" finished-at="2018-06-02T14:53:03Z">
    <groups>
    </groups>
    <test name="Default test" duration-ms="18820" started-at="2018-06-02T14:52:44Z" finished-at="2018-06-02T14:53:03Z">
      <class name="org.fluentlenium.example.spring.case1">
        <test-method status="PASS" signature="beforeTest()[pri:0, instance:org.fluentlenium.example.spring.case1@77846d2c]" name="beforeTest" is-config="true" duration-ms="5" started-at="2018-06-02T22:52:44Z" finished-at="2018-06-02T22:52:44Z">
          <reporter-output>
          </reporter-output>
        </test-method> <!-- beforeTest -->
        <test-method status="PASS" signature="beforeMethod(java.lang.reflect.Method, org.testng.ITestContext)[pri:0, instance:org.fluentlenium.example.spring.case1@77846d2c]" name="beforeMethod" is-config="true" duration-ms="3791" started-at="2018-06-02T22:52:44Z" finished-at="2018-06-02T22:52:48Z">
          <params>
            <param index="0">
              <value>
                <![CDATA[public void org.fluentlenium.example.spring.case1.noticeCase01()]]>
              </value>
            </param>
            <param index="1">
              <value>
                <![CDATA[org.testng.TestRunner@b59d31]]>
              </value>
            </param>
          </params>
          <reporter-output>
          </reporter-output>
        </test-method> <!-- beforeMethod -->
        <test-method status="FAIL" signature="noticeCase01()[pri:0, instance:org.fluentlenium.example.spring.case1@77846d2c]" name="noticeCase01" duration-ms="14238" started-at="2018-06-02T22:52:48Z" finished-at="2018-06-02T22:53:02Z">
          <exception class="org.openqa.selenium.TimeoutException">
            <message>
              <![CDATA[Expected condition failed: waiting for By.xpath: //*[@id="divmaincontent"]/section/div/div/div/div[1]/a1 (first) (Lazy Element) (tried for 5 second(s) with 500 MILLISECONDS interval)]]>
            </message>
            <full-stacktrace>
              <![CDATA[org.openqa.selenium.TimeoutException: Expected condition failed: waiting for By.xpath: //*[@id="divmaincontent"]/section/div/div/div/div[1]/a1 (first) (Lazy Element) (tried for 5 second(s) with 500 MILLISECONDS interval)
	at org.openqa.selenium.support.ui.FluentWait.timeoutException(FluentWait.java:264)
	at org.openqa.selenium.support.ui.FluentWait.until(FluentWait.java:232)
	at org.fluentlenium.core.wait.FluentWait.until(FluentWait.java:152)
	at org.fluentlenium.core.hook.wait.WaitHook.findElement(WaitHook.java:88)
	at org.fluentlenium.core.proxy.ComponentHandler.getLocatorResultImpl(ComponentHandler.java:68)
	at org.fluentlenium.core.proxy.ComponentHandler.getLocatorResultImpl(ComponentHandler.java:17)
	at org.fluentlenium.core.proxy.AbstractLocatorHandler.getLocatorResult(AbstractLocatorHandler.java:140)
	at org.fluentlenium.core.proxy.AbstractLocatorHandler.invoke(AbstractLocatorHandler.java:270)
	at org.fluentlenium.core.proxy.ComponentHandler.invoke(ComponentHandler.java:98)
	at com.sun.proxy.$Proxy18.click(Unknown Source)
	at org.fluentlenium.core.domain.FluentWebElement.click(FluentWebElement.java:113)
	at org.fluentlenium.example.spring.page.FaSongLieBiaoPage.add(FaSongLieBiaoPage.java:61)
	at org.fluentlenium.example.spring.case1.noticeCase01(case1.java:51)
	at sun.reflect.NativeMethodAccessorImpl.invoke0(Native Method)
	at sun.reflect.NativeMethodAccessorImpl.invoke(NativeMethodAccessorImpl.java:62)
	at sun.reflect.DelegatingMethodAccessorImpl.invoke(DelegatingMethodAccessorImpl.java:43)
	at java.lang.reflect.Method.invoke(Method.java:498)
	at org.testng.internal.MethodInvocationHelper.invokeMethod(MethodInvocationHelper.java:100)
	at org.testng.internal.Invoker.invokeMethod(Invoker.java:646)
	at org.testng.internal.Invoker.invokeTestMethod(Invoker.java:811)
	at org.testng.internal.Invoker.invokeTestMethods(Invoker.java:1129)
	at org.testng.internal.TestMethodWorker.invokeTestMethods(TestMethodWorker.java:129)
	at org.testng.internal.TestMethodWorker.run(TestMethodWorker.java:112)
	at org.testng.TestRunner.privateRun(TestRunner.java:746)
	at org.testng.TestRunner.run(TestRunner.java:600)
	at org.testng.SuiteRunner.runTest(SuiteRunner.java:366)
	at org.testng.SuiteRunner.runSequentially(SuiteRunner.java:361)
	at org.testng.SuiteRunner.privateRun(SuiteRunner.java:319)
	at org.testng.SuiteRunner.run(SuiteRunner.java:268)
	at org.testng.SuiteRunnerWorker.runSuite(SuiteRunnerWorker.java:52)
	at org.testng.SuiteRunnerWorker.run(SuiteRunnerWorker.java:86)
	at org.testng.TestNG.runSuitesSequentially(TestNG.java:1264)
	at org.testng.TestNG.runSuitesLocally(TestNG.java:1189)
	at org.testng.TestNG.runSuites(TestNG.java:1104)
	at org.testng.TestNG.run(TestNG.java:1076)
	at org.testng.remote.AbstractRemoteTestNG.run(AbstractRemoteTestNG.java:126)
	at org.testng.remote.RemoteTestNG.initAndRun(RemoteTestNG.java:152)
	at org.testng.remote.RemoteTestNG.main(RemoteTestNG.java:57)
Caused by: org.openqa.selenium.NoSuchElementException: no such element: Unable to locate element: {"method":"xpath","selector":"//*[@id="divmaincontent"]/section/div/div/div/div[1]/a1"}
  (Session info: chrome=60.0.3112.113)
  (Driver info: chromedriver=2.30.477700 (0057494ad8732195794a7b32078424f92a5fce41),platform=Windows NT 6.1.7600 x86_64) (WARNING: The server did not provide any stacktrace information)
Command duration or timeout: 0 milliseconds
For documentation on this error, please visit: http://seleniumhq.org/exceptions/no_such_element.html
Build info: version: '3.5.3', revision: 'a88d25fe6b', time: '2017-08-29T12:42:44.417Z'
System info: host: 'TINGHINCK-PC', ip: '192.168.32.28', os.name: 'Windows 7', os.arch: 'amd64', os.version: '6.1', java.version: '1.8.0_92'
Driver info: org.openqa.selenium.chrome.ChromeDriver
Capabilities [{applicationCacheEnabled=false, rotatable=false, mobileEmulationEnabled=false, networkConnectionEnabled=false, chrome={chromedriverVersion=2.30.477700 (0057494ad8732195794a7b32078424f92a5fce41), userDataDir=C:\Users\ADMINI~1\AppData\Local\Temp\scoped_dir8292_27200}, takesHeapSnapshot=true, pageLoadStrategy=normal, unhandledPromptBehavior=, databaseEnabled=false, handlesAlerts=true, hasTouchScreen=false, version=60.0.3112.113, platform=XP, browserConnectionEnabled=false, nativeEvents=true, acceptSslCerts=true, locationContextEnabled=true, webStorageEnabled=true, browserName=chrome, takesScreenshot=true, javascriptEnabled=true, platformName=XP, cssSelectorsEnabled=true, unexpectedAlertBehaviour=}]
Session ID: 97c66b02ee78a15b0e4c6d9f88f5aab4
*** Element info: {Using=xpath, value=//*[@id="divmaincontent"]/section/div/div/div/div[1]/a1}
	at sun.reflect.NativeConstructorAccessorImpl.newInstance0(Native Method)
	at sun.reflect.NativeConstructorAccessorImpl.newInstance(NativeConstructorAccessorImpl.java:62)
	at sun.reflect.DelegatingConstructorAccessorImpl.newInstance(DelegatingConstructorAccessorImpl.java:45)
	at java.lang.reflect.Constructor.newInstance(Constructor.java:423)
	at org.openqa.selenium.remote.ErrorHandler.createThrowable(ErrorHandler.java:215)
	at org.openqa.selenium.remote.ErrorHandler.throwIfResponseFailed(ErrorHandler.java:167)
	at org.openqa.selenium.remote.http.JsonHttpResponseCodec.reconstructValue(JsonHttpResponseCodec.java:40)
	at org.openqa.selenium.remote.http.AbstractHttpResponseCodec.decode(AbstractHttpResponseCodec.java:82)
	at org.openqa.selenium.remote.http.AbstractHttpResponseCodec.decode(AbstractHttpResponseCodec.java:45)
	at org.openqa.selenium.remote.HttpCommandExecutor.execute(HttpCommandExecutor.java:164)
	at org.openqa.selenium.remote.service.DriverCommandExecutor.execute(DriverCommandExecutor.java:82)
	at org.openqa.selenium.remote.RemoteWebDriver.execute(RemoteWebDriver.java:646)
	at org.openqa.selenium.remote.RemoteWebDriver.findElement(RemoteWebDriver.java:416)
	at org.openqa.selenium.remote.RemoteWebDriver.findElementByXPath(RemoteWebDriver.java:518)
	at org.openqa.selenium.By$ByXPath.findElement(By.java:361)
	at org.openqa.selenium.remote.RemoteWebDriver.findElement(RemoteWebDriver.java:408)
	at org.fluentlenium.core.inject.InjectionElementLocator.findElement(InjectionElementLocator.java:65)
	at org.fluentlenium.core.hook.BaseHook.findElement(BaseHook.java:52)
	at org.fluentlenium.core.hook.wait.WaitHook.access$201(WaitHook.java:17)
	at org.fluentlenium.core.hook.wait.WaitHook$2.apply(WaitHook.java:92)
	at org.fluentlenium.core.hook.wait.WaitHook$2.apply(WaitHook.java:88)
	at org.fluentlenium.core.wait.FluentWait$2.apply(FluentWait.java:155)
	at org.openqa.selenium.support.ui.FluentWait.until(FluentWait.java:209)
	... 36 more
]]>
            </full-stacktrace>
          </exception> <!-- org.openqa.selenium.TimeoutException -->
          <reporter-output>
          </reporter-output>
        </test-method> <!-- noticeCase01 -->
        <test-method status="PASS" signature="afterMethod(org.testng.ITestResult)[pri:0, instance:org.fluentlenium.example.spring.case1@77846d2c]" name="afterMethod" is-config="true" duration-ms="770" started-at="2018-06-02T22:53:02Z" finished-at="2018-06-02T22:53:03Z">
          <params>
            <param index="0">
              <value>
                <![CDATA[[TestResult name=noticeCase01 status=FAILURE method=case1.noticeCase01()[pri:0, instance:org.fluentlenium.example.spring.case1@77846d2c] output={null}]]]>
              </value>
            </param>
          </params>
          <reporter-output>
          </reporter-output>
        </test-method> <!-- afterMethod -->
        <test-method status="PASS" signature="afterClass()[pri:0, instance:org.fluentlenium.example.spring.case1@77846d2c]" name="afterClass" is-config="true" duration-ms="0" started-at="2018-06-02T22:53:03Z" finished-at="2018-06-02T22:53:03Z">
          <reporter-output>
          </reporter-output>
        </test-method> <!-- afterClass -->
        <test-method status="PASS" signature="afterTest()[pri:0, instance:org.fluentlenium.example.spring.case1@77846d2c]" name="afterTest" is-config="true" duration-ms="0" started-at="2018-06-02T22:53:03Z" finished-at="2018-06-02T22:53:03Z">
          <reporter-output>
          </reporter-output>
        </test-method> <!-- afterTest -->
      </class> <!-- org.fluentlenium.example.spring.case1 -->
    </test> <!-- Default test -->
  </suite> <!-- Default suite -->
</testng-results>
